#
# There is insufficient memory for the Java Runtime Environment to continue.
# Native memory allocation (mmap) failed to map 65536 bytes for Failed to commit metaspace.
# Possible reasons:
#   The system is out of physical RAM or swap space
#   The process is running with CompressedOops enabled, and the Java Heap may be blocking the growth of the native heap
# Possible solutions:
#   Reduce memory load on the system
#   Increase physical memory or swap space
#   Check if swap backing store is full
#   Decrease Java heap size (-Xmx/-Xms)
#   Decrease number of Java threads
#   Decrease Java thread stack sizes (-Xss)
#   Set larger code cache with -XX:ReservedCodeCacheSize=
#   JVM is running with Unscaled Compressed Oops mode in which the Java heap is
#     placed in the first 4GB address space. The Java Heap base address is the
#     maximum limit for the native heap growth. Please use -XX:HeapBaseMinAddress
#     to set the Java Heap base and to place the Java Heap above 4GB virtual address.
# This output file may be truncated or incomplete.
#
#  Out of Memory Error (virtualSpaceNode.cpp:110), pid=10992, tid=6536
#
# JRE version: Java(TM) SE Runtime Environment (20.0.2+9) (build 20.0.2+9-78)
# Java VM: Java HotSpot(TM) 64-Bit Server VM (20.0.2+9-78, mixed mode, tiered, compressed oops, compressed class ptrs, g1 gc, windows-amd64)
# No core dump will be written. Minidumps are not enabled by default on client versions of Windows
#

---------------  S U M M A R Y ------------

Command Line: -Dfile.encoding=UTF-8 -agentlib:jdwp=transport=dt_shmem,address=javadebug proyecto.Frm_Tiramisu

Host: Intel(R) Celeron(R) N4000C CPU @ 1.10GHz, 2 cores, 3G,  Windows 11 , 64 bit Build 22621 (10.0.22621.4391)
Time: Wed Jan 29 18:48:10 2025 Hora est. Pacífico, Sudamérica elapsed time: 4.656864 seconds (0d 0h 0m 4s)

---------------  T H R E A D  ---------------

Current thread (0x000001c50f1da2e0):  JavaThread "C1 CompilerThread0" daemon [_thread_in_vm, id=6536, stack(0x0000004fde700000,0x0000004fde800000)]


Current CompileTask:
C1:   4657  938       3       java.util.HashMap::afterNodeRemoval (1 bytes)

Stack: [0x0000004fde700000,0x0000004fde800000]
Native frames: (J=compiled Java code, j=interpreted, Vv=VM code, C=native code)
V  [jvm.dll+0x6bc25a]
V  [jvm.dll+0x84971a]
V  [jvm.dll+0x84b315]
V  [jvm.dll+0x84ba13]
V  [jvm.dll+0x280e4f]
V  [jvm.dll+0x84565b]
V  [jvm.dll+0x660616]
V  [jvm.dll+0x66067a]
V  [jvm.dll+0x662f53]
V  [jvm.dll+0x662e1e]
V  [jvm.dll+0x66102e]
V  [jvm.dll+0x67248a]
V  [jvm.dll+0x66b9b2]
V  [jvm.dll+0x1f9260]
V  [jvm.dll+0x1f9448]
V  [jvm.dll+0x1581de]
V  [jvm.dll+0x158514]
V  [jvm.dll+0x157956]
V  [jvm.dll+0x15968d]
V  [jvm.dll+0x25a0eb]
V  [jvm.dll+0x2587c0]
V  [jvm.dll+0x3f2dd5]
V  [jvm.dll+0x7f5c76]
V  [jvm.dll+0x6baecb]
C  [ucrtbase.dll+0x29333]
C  [KERNEL32.DLL+0x1259d]
C  [ntdll.dll+0x5af38]


---------------  P R O C E S S  ---------------

Threads class SMR info:
_java_thread_list=0x000001c513a40d90, length=19, elements={
0x000001c50f1d6690, 0x000001c50f1d76d0, 0x000001c50f1e2980, 0x000001c50f1e4ae0,
0x000001c50f1e5420, 0x000001c50f1e5d60, 0x000001c50f1e69d0, 0x000001c50f1da2e0,
0x000001c51357f010, 0x000001c513582970, 0x000001c513583670, 0x000001c513595e80,
0x000001c5135aa5b0, 0x000001c513a2ae70, 0x000001c513a2bbd0, 0x000001c513a99020,
0x000001c513a3fef0, 0x000001c56f32a000, 0x000001c513a41450
}

Java Threads: ( => current thread )
  0x000001c50f1d6690 JavaThread "Reference Handler" daemon [_thread_blocked, id=10980, stack(0x0000004fde000000,0x0000004fde100000)]
  0x000001c50f1d76d0 JavaThread "Finalizer" daemon [_thread_blocked, id=16000, stack(0x0000004fde100000,0x0000004fde200000)]
  0x000001c50f1e2980 JavaThread "Signal Dispatcher" daemon [_thread_blocked, id=12120, stack(0x0000004fde200000,0x0000004fde300000)]
  0x000001c50f1e4ae0 JavaThread "Attach Listener" daemon [_thread_blocked, id=8768, stack(0x0000004fde300000,0x0000004fde400000)]
  0x000001c50f1e5420 JavaThread "Service Thread" daemon [_thread_blocked, id=5712, stack(0x0000004fde400000,0x0000004fde500000)]
  0x000001c50f1e5d60 JavaThread "Monitor Deflation Thread" daemon [_thread_blocked, id=6668, stack(0x0000004fde500000,0x0000004fde600000)]
  0x000001c50f1e69d0 JavaThread "C2 CompilerThread0" daemon [_thread_blocked, id=13624, stack(0x0000004fde600000,0x0000004fde700000)]
=>0x000001c50f1da2e0 JavaThread "C1 CompilerThread0" daemon [_thread_in_vm, id=6536, stack(0x0000004fde700000,0x0000004fde800000)]
  0x000001c51357f010 JavaThread "JDWP Transport Listener: dt_shmem" daemon [_thread_blocked, id=8420, stack(0x0000004fde800000,0x0000004fde900000)]
  0x000001c513582970 JavaThread "JDWP Event Helper Thread" daemon [_thread_blocked, id=476, stack(0x0000004fde900000,0x0000004fdea00000)]
  0x000001c513583670 JavaThread "JDWP Command Reader" daemon [_thread_in_native, id=428, stack(0x0000004fdea00000,0x0000004fdeb00000)]
  0x000001c513595e80 JavaThread "Notification Thread" daemon [_thread_blocked, id=920, stack(0x0000004fdeb00000,0x0000004fdec00000)]
  0x000001c5135aa5b0 JavaThread "Common-Cleaner" daemon [_thread_blocked, id=14144, stack(0x0000004fded00000,0x0000004fdee00000)]
  0x000001c513a2ae70 JavaThread "Java2D Disposer" daemon [_thread_blocked, id=7516, stack(0x0000004fdee00000,0x0000004fdef00000)]
  0x000001c513a2bbd0 JavaThread "AWT-Shutdown" [_thread_blocked, id=5076, stack(0x0000004fdef00000,0x0000004fdf000000)]
  0x000001c513a99020 JavaThread "AWT-Windows" daemon [_thread_in_native, id=14920, stack(0x0000004fdf000000,0x0000004fdf100000)]
  0x000001c513a3fef0 JavaThread "AWT-EventQueue-0" [_thread_in_vm, id=10516, stack(0x0000004fdf100000,0x0000004fdf200000)]
  0x000001c56f32a000 JavaThread "DestroyJavaVM" [_thread_blocked, id=10568, stack(0x0000004fdd800000,0x0000004fdd900000)]
  0x000001c513a41450 JavaThread "org.netbeans.modules.debugger.jpda.visual AWT Access Loop" daemon [_thread_blocked, id=14792, stack(0x0000004fdf200000,0x0000004fdf300000)]

Other Threads:
  0x000001c50f12b850 VMThread "VM Thread" [stack: 0x0000004fddf00000,0x0000004fde000000] [id=4948] _threads_hazard_ptr=0x000001c513a40d90
  0x000001c513583c90 WatcherThread "VM Periodic Task Thread" [stack: 0x0000004fdec00000,0x0000004fded00000] [id=13404]
  0x000001c56f36ba70 WorkerThread "GC Thread#0" [stack: 0x0000004fdda00000,0x0000004fddb00000] [id=14916]
  0x000001c513b54a10 WorkerThread "GC Thread#1" [stack: 0x0000004fdf300000,0x0000004fdf400000] [id=6344]
  0x000001c56f374440 ConcurrentGCThread "G1 Main Marker" [stack: 0x0000004fddb00000,0x0000004fddc00000] [id=12628]
  0x000001c56f375010 WorkerThread "G1 Conc#0" [stack: 0x0000004fddc00000,0x0000004fddd00000] [id=3616]
  0x000001c56f3bce70 ConcurrentGCThread "G1 Refine#0" [stack: 0x0000004fddd00000,0x0000004fdde00000] [id=1392]
  0x000001c56f3bdab0 ConcurrentGCThread "G1 Service" [stack: 0x0000004fdde00000,0x0000004fddf00000] [id=3420]

Threads with active compile tasks:
C1 CompilerThread0     4744  938       3       java.util.HashMap::afterNodeRemoval (1 bytes)

VM state: synchronizing (normal execution)

VM Mutex/Monitor currently owned by a thread:  ([mutex/lock_event])
[0x000001c56f325500] Metaspace_lock - owner thread: 0x000001c50f1da2e0
[0x000001c56f327560] Threads_lock - owner thread: 0x000001c50f12b850

Heap address: 0x00000000c2e00000, size: 978 MB, Compressed Oops mode: 32-bit

CDS archive(s) not mapped
Compressed class space mapped at: 0x0000000100000000-0x0000000140000000, reserved size: 1073741824
Narrow klass base: 0x0000000000000000, Narrow klass shift: 3, Narrow klass range: 0x140000000

GC Precious Log:
 CardTable entry size: 512
 Card Set container configuration: InlinePtr #cards 5 size 8 Array Of Cards #cards 12 size 40 Howl #buckets 4 coarsen threshold 1843 Howl Bitmap #cards 512 size 80 coarsen threshold 460 Card regions per heap region 1 cards per card region 2048
 CPUs: 2 total, 2 available
 Memory: 3911M
 Large Page Support: Disabled
 NUMA Support: Disabled
 Compressed Oops: Enabled (32-bit)
 Heap Region Size: 1M
 Heap Min Capacity: 8M
 Heap Initial Capacity: 62M
 Heap Max Capacity: 978M
 Pre-touch: Disabled
 Parallel Workers: 2
 Concurrent Workers: 1
 Concurrent Refinement Workers: 2
 Periodic GC: Disabled

Heap:
 garbage-first heap   total 63488K, used 3612K [0x00000000c2e00000, 0x0000000100000000)
  region size 1024K, 4 young (4096K), 1 survivors (1024K)
 Metaspace       used 17308K, committed 17472K, reserved 1114112K
  class space    used 1769K, committed 1856K, reserved 1048576K

Heap Regions: E=young(eden), S=young(survivor), O=old, HS=humongous(starts), HC=humongous(continues), CS=collection set, F=free, OA=open archive, CA=closed archive, TAMS=top-at-mark-start, PB=parsable bottom
|   0|0x00000000c2e00000, 0x00000000c2e87200, 0x00000000c2f00000| 52%| O|  |TAMS 0x00000000c2e00000| PB 0x00000000c2e00000| Untracked 
|   1|0x00000000c2f00000, 0x00000000c2f00000, 0x00000000c3000000|  0%| F|  |TAMS 0x00000000c2f00000| PB 0x00000000c2f00000| Untracked 
|   2|0x00000000c3000000, 0x00000000c3000000, 0x00000000c3100000|  0%| F|  |TAMS 0x00000000c3000000| PB 0x00000000c3000000| Untracked 
|   3|0x00000000c3100000, 0x00000000c3100000, 0x00000000c3200000|  0%| F|  |TAMS 0x00000000c3100000| PB 0x00000000c3100000| Untracked 
|   4|0x00000000c3200000, 0x00000000c3200000, 0x00000000c3300000|  0%| F|  |TAMS 0x00000000c3200000| PB 0x00000000c3200000| Untracked 
|   5|0x00000000c3300000, 0x00000000c3300000, 0x00000000c3400000|  0%| F|  |TAMS 0x00000000c3300000| PB 0x00000000c3300000| Untracked 
|   6|0x00000000c3400000, 0x00000000c3400000, 0x00000000c3500000|  0%| F|  |TAMS 0x00000000c3400000| PB 0x00000000c3400000| Untracked 
|   7|0x00000000c3500000, 0x00000000c3500000, 0x00000000c3600000|  0%| F|  |TAMS 0x00000000c3500000| PB 0x00000000c3500000| Untracked 
|   8|0x00000000c3600000, 0x00000000c3600000, 0x00000000c3700000|  0%| F|  |TAMS 0x00000000c3600000| PB 0x00000000c3600000| Untracked 
|   9|0x00000000c3700000, 0x00000000c3700000, 0x00000000c3800000|  0%| F|  |TAMS 0x00000000c3700000| PB 0x00000000c3700000| Untracked 
|  10|0x00000000c3800000, 0x00000000c3800000, 0x00000000c3900000|  0%| F|  |TAMS 0x00000000c3800000| PB 0x00000000c3800000| Untracked 
|  11|0x00000000c3900000, 0x00000000c3900000, 0x00000000c3a00000|  0%| F|  |TAMS 0x00000000c3900000| PB 0x00000000c3900000| Untracked 
|  12|0x00000000c3a00000, 0x00000000c3a00000, 0x00000000c3b00000|  0%| F|  |TAMS 0x00000000c3a00000| PB 0x00000000c3a00000| Untracked 
|  13|0x00000000c3b00000, 0x00000000c3b00000, 0x00000000c3c00000|  0%| F|  |TAMS 0x00000000c3b00000| PB 0x00000000c3b00000| Untracked 
|  14|0x00000000c3c00000, 0x00000000c3c00000, 0x00000000c3d00000|  0%| F|  |TAMS 0x00000000c3c00000| PB 0x00000000c3c00000| Untracked 
|  15|0x00000000c3d00000, 0x00000000c3d00000, 0x00000000c3e00000|  0%| F|  |TAMS 0x00000000c3d00000| PB 0x00000000c3d00000| Untracked 
|  16|0x00000000c3e00000, 0x00000000c3e00000, 0x00000000c3f00000|  0%| F|  |TAMS 0x00000000c3e00000| PB 0x00000000c3e00000| Untracked 
|  17|0x00000000c3f00000, 0x00000000c3f00000, 0x00000000c4000000|  0%| F|  |TAMS 0x00000000c3f00000| PB 0x00000000c3f00000| Untracked 
|  18|0x00000000c4000000, 0x00000000c4000000, 0x00000000c4100000|  0%| F|  |TAMS 0x00000000c4000000| PB 0x00000000c4000000| Untracked 
|  19|0x00000000c4100000, 0x00000000c4100000, 0x00000000c4200000|  0%| F|  |TAMS 0x00000000c4100000| PB 0x00000000c4100000| Untracked 
|  20|0x00000000c4200000, 0x00000000c4200000, 0x00000000c4300000|  0%| F|  |TAMS 0x00000000c4200000| PB 0x00000000c4200000| Untracked 
|  21|0x00000000c4300000, 0x00000000c4300000, 0x00000000c4400000|  0%| F|  |TAMS 0x00000000c4300000| PB 0x00000000c4300000| Untracked 
|  22|0x00000000c4400000, 0x00000000c4400000, 0x00000000c4500000|  0%| F|  |TAMS 0x00000000c4400000| PB 0x00000000c4400000| Untracked 
|  23|0x00000000c4500000, 0x00000000c4500000, 0x00000000c4600000|  0%| F|  |TAMS 0x00000000c4500000| PB 0x00000000c4500000| Untracked 
|  24|0x00000000c4600000, 0x00000000c4600000, 0x00000000c4700000|  0%| F|  |TAMS 0x00000000c4600000| PB 0x00000000c4600000| Untracked 
|  25|0x00000000c4700000, 0x00000000c4700000, 0x00000000c4800000|  0%| F|  |TAMS 0x00000000c4700000| PB 0x00000000c4700000| Untracked 
|  26|0x00000000c4800000, 0x00000000c4800000, 0x00000000c4900000|  0%| F|  |TAMS 0x00000000c4800000| PB 0x00000000c4800000| Untracked 
|  27|0x00000000c4900000, 0x00000000c4900000, 0x00000000c4a00000|  0%| F|  |TAMS 0x00000000c4900000| PB 0x00000000c4900000| Untracked 
|  28|0x00000000c4a00000, 0x00000000c4a00000, 0x00000000c4b00000|  0%| F|  |TAMS 0x00000000c4a00000| PB 0x00000000c4a00000| Untracked 
|  29|0x00000000c4b00000, 0x00000000c4b00000, 0x00000000c4c00000|  0%| F|  |TAMS 0x00000000c4b00000| PB 0x00000000c4b00000| Untracked 
|  30|0x00000000c4c00000, 0x00000000c4c00000, 0x00000000c4d00000|  0%| F|  |TAMS 0x00000000c4c00000| PB 0x00000000c4c00000| Untracked 
|  31|0x00000000c4d00000, 0x00000000c4d00000, 0x00000000c4e00000|  0%| F|  |TAMS 0x00000000c4d00000| PB 0x00000000c4d00000| Untracked 
|  32|0x00000000c4e00000, 0x00000000c4e00000, 0x00000000c4f00000|  0%| F|  |TAMS 0x00000000c4e00000| PB 0x00000000c4e00000| Untracked 
|  33|0x00000000c4f00000, 0x00000000c4f00000, 0x00000000c5000000|  0%| F|  |TAMS 0x00000000c4f00000| PB 0x00000000c4f00000| Untracked 
|  34|0x00000000c5000000, 0x00000000c5000000, 0x00000000c5100000|  0%| F|  |TAMS 0x00000000c5000000| PB 0x00000000c5000000| Untracked 
|  35|0x00000000c5100000, 0x00000000c5100000, 0x00000000c5200000|  0%| F|  |TAMS 0x00000000c5100000| PB 0x00000000c5100000| Untracked 
|  36|0x00000000c5200000, 0x00000000c5200000, 0x00000000c5300000|  0%| F|  |TAMS 0x00000000c5200000| PB 0x00000000c5200000| Untracked 
|  37|0x00000000c5300000, 0x00000000c5300000, 0x00000000c5400000|  0%| F|  |TAMS 0x00000000c5300000| PB 0x00000000c5300000| Untracked 
|  38|0x00000000c5400000, 0x00000000c5400000, 0x00000000c5500000|  0%| F|  |TAMS 0x00000000c5400000| PB 0x00000000c5400000| Untracked 
|  39|0x00000000c5500000, 0x00000000c5500000, 0x00000000c5600000|  0%| F|  |TAMS 0x00000000c5500000| PB 0x00000000c5500000| Untracked 
|  40|0x00000000c5600000, 0x00000000c5600000, 0x00000000c5700000|  0%| F|  |TAMS 0x00000000c5600000| PB 0x00000000c5600000| Untracked 
|  41|0x00000000c5700000, 0x00000000c5700000, 0x00000000c5800000|  0%| F|  |TAMS 0x00000000c5700000| PB 0x00000000c5700000| Untracked 
|  42|0x00000000c5800000, 0x00000000c5800000, 0x00000000c5900000|  0%| F|  |TAMS 0x00000000c5800000| PB 0x00000000c5800000| Untracked 
|  43|0x00000000c5900000, 0x00000000c5900000, 0x00000000c5a00000|  0%| F|  |TAMS 0x00000000c5900000| PB 0x00000000c5900000| Untracked 
|  44|0x00000000c5a00000, 0x00000000c5a00000, 0x00000000c5b00000|  0%| F|  |TAMS 0x00000000c5a00000| PB 0x00000000c5a00000| Untracked 
|  45|0x00000000c5b00000, 0x00000000c5b00000, 0x00000000c5c00000|  0%| F|  |TAMS 0x00000000c5b00000| PB 0x00000000c5b00000| Untracked 
|  46|0x00000000c5c00000, 0x00000000c5c00000, 0x00000000c5d00000|  0%| F|  |TAMS 0x00000000c5c00000| PB 0x00000000c5c00000| Untracked 
|  47|0x00000000c5d00000, 0x00000000c5d00000, 0x00000000c5e00000|  0%| F|  |TAMS 0x00000000c5d00000| PB 0x00000000c5d00000| Untracked 
|  48|0x00000000c5e00000, 0x00000000c5e00000, 0x00000000c5f00000|  0%| F|  |TAMS 0x00000000c5e00000| PB 0x00000000c5e00000| Untracked 
|  49|0x00000000c5f00000, 0x00000000c5f00000, 0x00000000c6000000|  0%| F|  |TAMS 0x00000000c5f00000| PB 0x00000000c5f00000| Untracked 
|  50|0x00000000c6000000, 0x00000000c6000000, 0x00000000c6100000|  0%| F|  |TAMS 0x00000000c6000000| PB 0x00000000c6000000| Untracked 
|  51|0x00000000c6100000, 0x00000000c6100000, 0x00000000c6200000|  0%| F|  |TAMS 0x00000000c6100000| PB 0x00000000c6100000| Untracked 
|  52|0x00000000c6200000, 0x00000000c6200000, 0x00000000c6300000|  0%| F|  |TAMS 0x00000000c6200000| PB 0x00000000c6200000| Untracked 
|  53|0x00000000c6300000, 0x00000000c6300000, 0x00000000c6400000|  0%| F|  |TAMS 0x00000000c6300000| PB 0x00000000c6300000| Untracked 
|  54|0x00000000c6400000, 0x00000000c6400000, 0x00000000c6500000|  0%| F|  |TAMS 0x00000000c6400000| PB 0x00000000c6400000| Untracked 
|  55|0x00000000c6500000, 0x00000000c6600000, 0x00000000c6600000|100%| S|CS|TAMS 0x00000000c6500000| PB 0x00000000c6500000| Complete 
|  56|0x00000000c6600000, 0x00000000c6600000, 0x00000000c6700000|  0%| F|  |TAMS 0x00000000c6600000| PB 0x00000000c6600000| Untracked 
|  57|0x00000000c6700000, 0x00000000c6700000, 0x00000000c6800000|  0%| F|  |TAMS 0x00000000c6700000| PB 0x00000000c6700000| Untracked 
|  58|0x00000000c6800000, 0x00000000c6800000, 0x00000000c6900000|  0%| F|  |TAMS 0x00000000c6800000| PB 0x00000000c6800000| Untracked 
|  59|0x00000000c6900000, 0x00000000c6927dc0, 0x00000000c6a00000| 15%| E|  |TAMS 0x00000000c6900000| PB 0x00000000c6900000| Complete 
|  60|0x00000000c6a00000, 0x00000000c6b00000, 0x00000000c6b00000|100%| E|CS|TAMS 0x00000000c6a00000| PB 0x00000000c6a00000| Complete 
|  61|0x00000000c6b00000, 0x00000000c6c00000, 0x00000000c6c00000|100%| E|CS|TAMS 0x00000000c6b00000| PB 0x00000000c6b00000| Complete 

Card table byte_map: [0x000001c5791e0000,0x000001c5793d0000] _byte_map_base: 0x000001c578bc9000

Marking Bits: (CMBitMap*) 0x000001c56f36c0a0
 Bits: [0x000001c5795c0000, 0x000001c57a508000)

Polling page: 0x000001c56f3f0000

Metaspace:

Usage:
  Non-class:     15.17 MB used.
      Class:      1.73 MB used.
       Both:     16.90 MB used.

Virtual space:
  Non-class space:       64.00 MB reserved,      15.25 MB ( 24%) committed,  1 nodes.
      Class space:        1.00 GB reserved,       1.81 MB ( <1%) committed,  1 nodes.
             Both:        1.06 GB reserved,      17.06 MB (  2%) committed. 

Chunk freelists:
   Non-Class:  469.00 KB
       Class:  2.22 MB
        Both:  2.68 MB

MaxMetaspaceSize: unlimited
CompressedClassSpaceSize: 1.00 GB
Initial GC threshold: 21.00 MB
Current GC threshold: 21.00 MB
CDS: off
MetaspaceReclaimPolicy: balanced
 - commit_granule_bytes: 65536.
 - commit_granule_words: 8192.
 - virtual_space_node_default_size: 8388608.
 - enlarge_chunks_in_place: 1.
 - new_chunks_are_fully_committed: 0.
 - uncommit_free_chunks: 1.
 - use_allocation_guard: 0.


Internal statistics:

num_allocs_failed_limit: 0.
num_arena_births: 158.
num_arena_deaths: 0.
num_vsnodes_births: 2.
num_vsnodes_deaths: 0.
num_space_committed: 273.
num_space_uncommitted: 0.
num_chunks_returned_to_freelist: 0.
num_chunks_taken_from_freelist: 273.
num_chunk_merges: 0.
num_chunk_splits: 154.
num_chunks_enlarged: 70.
num_inconsistent_stats: 0.

CodeHeap 'non-profiled nmethods': size=120064Kb used=247Kb max_used=247Kb free=119817Kb
 bounds [0x000001c507ac0000, 0x000001c507d30000, 0x000001c50f000000]
CodeHeap 'profiled nmethods': size=120000Kb used=1469Kb max_used=1469Kb free=118530Kb
 bounds [0x000001c500000000, 0x000001c500270000, 0x000001c507530000]
CodeHeap 'non-nmethods': size=5696Kb used=1634Kb max_used=1651Kb free=4061Kb
 bounds [0x000001c507530000, 0x000001c5077a0000, 0x000001c507ac0000]
 total_blobs=1527 nmethods=937 adapters=502
 compilation: enabled
              stopped_count=0, restarted_count=0
 full_count=0

Compilation events (20 events):
Event: 4.603 Thread 0x000001c50f1da2e0  927       3       java.nio.HeapByteBuffer::byteOffset (7 bytes)
Event: 4.603 Thread 0x000001c50f1da2e0 nmethod 927 0x000001c50016bd90 code [0x000001c50016bf20, 0x000001c50016c030]
Event: 4.604 Thread 0x000001c50f1da2e0  928       3       sun.nio.ch.Util::isBufferTooLarge (15 bytes)
Event: 4.604 Thread 0x000001c50f1da2e0 nmethod 928 0x000001c50016c090 code [0x000001c50016c220, 0x000001c50016c378]
Event: 4.611 Thread 0x000001c50f1da2e0  929       3       java.lang.StringLatin1::toLowerCase (186 bytes)
Event: 4.612 Thread 0x000001c50f1da2e0 nmethod 929 0x000001c50016c410 code [0x000001c50016c680, 0x000001c50016d1c8]
Event: 4.613 Thread 0x000001c50f1da2e0  930       3       java.lang.String::toLowerCase (29 bytes)
Event: 4.613 Thread 0x000001c50f1da2e0 nmethod 930 0x000001c50016d690 code [0x000001c50016d840, 0x000001c50016db18]
Event: 4.615 Thread 0x000001c50f1e69d0  931       4       java.lang.CharacterDataLatin1::toLowerCase (39 bytes)
Event: 4.616 Thread 0x000001c50f1e69d0 nmethod 931 0x000001c507afb290 code [0x000001c507afb400, 0x000001c507afb500]
Event: 4.631 Thread 0x000001c50f1e69d0  932       4       java.lang.StringLatin1::toLowerCase (186 bytes)
Event: 4.633 Thread 0x000001c50f1da2e0  933       3       java.util.ArrayList::<init> (61 bytes)
Event: 4.634 Thread 0x000001c50f1da2e0 nmethod 933 0x000001c50016dc10 code [0x000001c50016de60, 0x000001c50016e738]
Event: 4.644 Thread 0x000001c50f1e69d0 nmethod 932 0x000001c507afb610 code [0x000001c507afb7c0, 0x000001c507afbd78]
Event: 4.645 Thread 0x000001c50f1e69d0  934       4       java.util.HashMap::putVal (300 bytes)
Event: 4.646 Thread 0x000001c50f1da2e0  935       3       java.util.HashMap$EntryIterator::next (5 bytes)
Event: 4.647 Thread 0x000001c50f1da2e0 nmethod 935 0x000001c50016ea90 code [0x000001c50016ec20, 0x000001c50016edc0]
Event: 4.647 Thread 0x000001c50f1da2e0  936       3       java.util.HashMap::remove (26 bytes)
Event: 4.647 Thread 0x000001c50f1da2e0 nmethod 936 0x000001c50016ee90 code [0x000001c50016f060, 0x000001c50016f3d8]
Event: 4.648 Thread 0x000001c50f1da2e0  938       3       java.util.HashMap::afterNodeRemoval (1 bytes)

GC Heap History (2 events):
Event: 3.717 GC heap before
{Heap before GC invocations=0 (full 0):
 garbage-first heap   total 63488K, used 6144K [0x00000000c2e00000, 0x0000000100000000)
  region size 1024K, 6 young (6144K), 0 survivors (0K)
 Metaspace       used 13553K, committed 13760K, reserved 1114112K
  class space    used 1305K, committed 1408K, reserved 1048576K
}
Event: 3.729 GC heap after
{Heap after GC invocations=1 (full 0):
 garbage-first heap   total 63488K, used 1564K [0x00000000c2e00000, 0x0000000100000000)
  region size 1024K, 1 young (1024K), 1 survivors (1024K)
 Metaspace       used 13553K, committed 13760K, reserved 1114112K
  class space    used 1305K, committed 1408K, reserved 1048576K
}

Dll operation events (9 events):
Event: 0.038 Loaded shared library C:\Program Files\Java\jdk-20\bin\java.dll
Event: 0.346 Loaded shared library C:\Program Files\Java\jdk-20\bin\jsvml.dll
Event: 1.046 Loaded shared library C:\Program Files\Java\jdk-20\bin\net.dll
Event: 1.174 Loaded shared library C:\Program Files\Java\jdk-20\bin\nio.dll
Event: 1.207 Loaded shared library C:\Program Files\Java\jdk-20\bin\zip.dll
Event: 1.385 Loaded shared library C:\Program Files\Java\jdk-20\bin\jimage.dll
Event: 1.512 Loaded shared library C:\Program Files\Java\jdk-20\bin\awt.dll
Event: 4.201 Loaded shared library C:\Program Files\Java\jdk-20\bin\freetype.dll
Event: 4.202 Loaded shared library C:\Program Files\Java\jdk-20\bin\fontmanager.dll

Deoptimization events (8 events):
Event: 3.533 Thread 0x000001c513a3fef0 DEOPT PACKING pc=0x000001c500030ada sp=0x0000004fdf1fdc10
Event: 3.533 Thread 0x000001c513a3fef0 DEOPT UNPACKING pc=0x000001c50759a4a3 sp=0x0000004fdf1fd030 mode 0
Event: 3.612 Thread 0x000001c513a3fef0 DEOPT PACKING pc=0x000001c50001a5c5 sp=0x0000004fdf1fa380
Event: 3.612 Thread 0x000001c513a3fef0 DEOPT UNPACKING pc=0x000001c50759a4a3 sp=0x0000004fdf1f97f8 mode 0
Event: 3.788 Thread 0x000001c513a3fef0 Uncommon trap: trap_request=0xffffff45 fr.pc=0x000001c507ae3430 relative=0x00000000000004f0
Event: 3.788 Thread 0x000001c513a3fef0 Uncommon trap: reason=unstable_if action=reinterpret pc=0x000001c507ae3430 method=java.lang.StringLatin1.replace([BCC)Ljava/lang/String; @ 19 c2
Event: 3.788 Thread 0x000001c513a3fef0 DEOPT PACKING pc=0x000001c507ae3430 sp=0x0000004fdf1fdf40
Event: 3.788 Thread 0x000001c513a3fef0 DEOPT UNPACKING pc=0x000001c507599d1c sp=0x0000004fdf1fdec0 mode 2

Classes loaded (20 events):
Event: 4.550 Loading class javax/swing/plaf/metal/DefaultMetalTheme done
Event: 4.550 Loading class javax/swing/plaf/metal/OceanTheme done
Event: 4.551 Loading class javax/swing/GroupLayout$SpringDelta
Event: 4.551 Loading class javax/swing/GroupLayout$SpringDelta done
Event: 4.551 Loading class javax/swing/plaf/metal/MetalLookAndFeel$1
Event: 4.551 Loading class javax/swing/plaf/metal/MetalLookAndFeel$1 done
Event: 4.577 Loading class javax/swing/UIDefaults$ProxyLazyValue$1
Event: 4.578 Loading class javax/swing/UIDefaults$ProxyLazyValue$1 done
Event: 4.578 Loading class javax/swing/plaf/BorderUIResource$LineBorderUIResource
Event: 4.578 Loading class javax/swing/plaf/BorderUIResource$LineBorderUIResource done
Event: 4.579 Loading class java/util/concurrent/ConcurrentHashMap$KeyIterator
Event: 4.579 Loading class java/util/concurrent/ConcurrentHashMap$KeyIterator done
Event: 4.596 Loading class java/io/RandomAccessFile$1
Event: 4.596 Loading class java/io/RandomAccessFile$1 done
Event: 4.596 Loading class jdk/internal/foreign/MemorySessionImpl
Event: 4.596 Loading class java/lang/foreign/SegmentScope
Event: 4.597 Loading class java/lang/foreign/SegmentScope done
Event: 4.597 Loading class java/lang/foreign/SegmentAllocator
Event: 4.597 Loading class java/lang/foreign/SegmentAllocator done
Event: 4.597 Loading class jdk/internal/foreign/MemorySessionImpl done

Classes unloaded (0 events):
No events

Classes redefined (0 events):
No events

Internal exceptions (14 events):
Event: 1.450 Thread 0x000001c56f32a000 Exception <a 'java/lang/ClassNotFoundException'{0x00000000c6a68a18}: sun/awt/resources/spi/awtProvider> (0x00000000c6a68a18) 
thrown [s\open\src\hotspot\share\classfile\systemDictionary.cpp, line 305]
Event: 1.564 Thread 0x000001c56f32a000 Exception <a 'java/io/FileNotFoundException'{0x00000000c6ac6a80}> (0x00000000c6ac6a80) 
thrown [s\open\src\hotspot\share\prims\jni.cpp, line 519]
Event: 1.615 Thread 0x000001c56f32a000 Exception <a 'java/io/FileNotFoundException'{0x00000000c6af0f10}> (0x00000000c6af0f10) 
thrown [s\open\src\hotspot\share\prims\jni.cpp, line 519]
Event: 3.235 Thread 0x000001c513a3fef0 Exception <a 'java/lang/NoSuchMethodError'{0x00000000c681a698}: 'void java.lang.invoke.DirectMethodHandle$Holder.invokeSpecial(java.lang.Object, java.lang.Object, java.lang.Object)'> (0x00000000c681a698) 
thrown [s\open\src\hotspot\share\interpreter\linkResolver.cpp, line 773]
Event: 3.270 Thread 0x000001c513a3fef0 Exception <a 'java/io/FileNotFoundException'{0x00000000c6832830}> (0x00000000c6832830) 
thrown [s\open\src\hotspot\share\prims\jni.cpp, line 519]
Event: 3.351 Thread 0x000001c513a3fef0 Exception <a 'java/lang/NoSuchMethodError'{0x00000000c6721388}: 'java.lang.Object java.lang.invoke.DirectMethodHandle$Holder.newInvokeSpecial(java.lang.Object, java.lang.Object, java.lang.Object, java.lang.Object, java.lang.Object)'> (0x00000000c6721388) 
thrown [s\open\src\hotspot\share\interpreter\linkResolver.cpp, line 773]
Event: 3.376 Thread 0x000001c513a3fef0 Exception <a 'java/lang/NoSuchMethodError'{0x00000000c6752008}: 'java.lang.Object java.lang.invoke.DirectMethodHandle$Holder.invokeStatic(java.lang.Object, int, java.lang.Object)'> (0x00000000c6752008) 
thrown [s\open\src\hotspot\share\interpreter\linkResolver.cpp, line 773]
Event: 3.584 Thread 0x000001c513a3fef0 Exception <a 'java/lang/ClassNotFoundException'{0x00000000c6678030}: com/sun/swing/internal/plaf/metal/resources/spi/metalProvider> (0x00000000c6678030) 
thrown [s\open\src\hotspot\share\classfile\systemDictionary.cpp, line 305]
Event: 3.586 Thread 0x000001c513a3fef0 Exception <a 'java/lang/ClassNotFoundException'{0x00000000c667bfe0}: com/sun/swing/internal/plaf/basic/resources/spi/basicProvider> (0x00000000c667bfe0) 
thrown [s\open\src\hotspot\share\classfile\systemDictionary.cpp, line 305]
Event: 3.599 Thread 0x000001c513a3fef0 Exception <a 'java/lang/NoSuchMethodError'{0x00000000c66974c0}: 'java.lang.Object java.lang.invoke.Invokers$Holder.invokeExact_MT(java.lang.Object, java.lang.Object, java.lang.Object, java.lang.Object, java.lang.Object, java.lang.Object)'> (0x00000000c66974c0) 
thrown [s\open\src\hotspot\share\interpreter\linkResolver.cpp, line 773]
Event: 3.629 Thread 0x000001c513a3fef0 Exception <a 'java/lang/NoSuchMethodError'{0x00000000c66c4fd0}: 'int java.lang.invoke.Invokers$Holder.invokeExact_MT(java.lang.Object, java.lang.Object)'> (0x00000000c66c4fd0) 
thrown [s\open\src\hotspot\share\interpreter\linkResolver.cpp, line 773]
Event: 4.339 Thread 0x000001c513a3fef0 Exception <a 'java/lang/NoSuchMethodError'{0x00000000c6bfb988}: 'void java.lang.invoke.DirectMethodHandle$Holder.invokeStatic(java.lang.Object, java.lang.Object, java.lang.Object)'> (0x00000000c6bfb988) 
thrown [s\open\src\hotspot\share\interpreter\linkResolver.cpp, line 773]
Event: 4.357 Thread 0x000001c513a3fef0 Exception <a 'java/lang/NoSuchMethodError'{0x00000000c6a02568}: 'void java.lang.invoke.DirectMethodHandle$Holder.invokeStatic(java.lang.Object, java.lang.Object)'> (0x00000000c6a02568) 
thrown [s\open\src\hotspot\share\interpreter\linkResolver.cpp, line 773]
Event: 4.430 Thread 0x000001c513a3fef0 Exception <a 'java/lang/NoSuchMethodError'{0x00000000c6a42778}: 'void java.lang.invoke.DirectMethodHandle$Holder.invokeStaticInit(java.lang.Object)'> (0x00000000c6a42778) 
thrown [s\open\src\hotspot\share\interpreter\linkResolver.cpp, line 773]

VM Operations (20 events):
Event: 1.375 Executing VM operation: Cleanup
Event: 1.376 Executing VM operation: Cleanup done
Event: 1.654 Executing VM operation: HandshakeAllThreads
Event: 1.654 Executing VM operation: HandshakeAllThreads done
Event: 1.658 Executing VM operation: HandshakeAllThreads
Event: 1.658 Executing VM operation: HandshakeAllThreads done
Event: 1.671 Executing VM operation: ChangeBreakpoints
Event: 1.671 Executing VM operation: ChangeBreakpoints done
Event: 1.672 Executing VM operation: ChangeBreakpoints
Event: 1.672 Executing VM operation: ChangeBreakpoints done
Event: 2.760 Executing VM operation: Cleanup
Event: 2.789 Executing VM operation: Cleanup done
Event: 2.797 Executing VM operation: ChangeBreakpoints
Event: 2.797 Executing VM operation: ChangeBreakpoints done
Event: 2.798 Executing VM operation: ChangeBreakpoints
Event: 2.798 Executing VM operation: ChangeBreakpoints done
Event: 3.126 Executing VM operation: HandshakeAllThreads
Event: 3.126 Executing VM operation: HandshakeAllThreads done
Event: 3.717 Executing VM operation: G1CollectForAllocation
Event: 3.729 Executing VM operation: G1CollectForAllocation done

Events (20 events):
Event: 0.578 Thread 0x000001c50f1d6690 Thread added: 0x000001c50f1d6690
Event: 0.578 Thread 0x000001c50f1d76d0 Thread added: 0x000001c50f1d76d0
Event: 0.583 Thread 0x000001c50f1e2980 Thread added: 0x000001c50f1e2980
Event: 0.583 Thread 0x000001c50f1e4ae0 Thread added: 0x000001c50f1e4ae0
Event: 0.583 Thread 0x000001c50f1e5420 Thread added: 0x000001c50f1e5420
Event: 0.584 Thread 0x000001c50f1e5d60 Thread added: 0x000001c50f1e5d60
Event: 0.584 Thread 0x000001c50f1e69d0 Thread added: 0x000001c50f1e69d0
Event: 0.589 Thread 0x000001c50f1da2e0 Thread added: 0x000001c50f1da2e0
Event: 0.805 Thread 0x000001c51357f010 Thread added: 0x000001c51357f010
Event: 0.805 Thread 0x000001c513582970 Thread added: 0x000001c513582970
Event: 0.830 Thread 0x000001c513583670 Thread added: 0x000001c513583670
Event: 0.994 Thread 0x000001c513595e80 Thread added: 0x000001c513595e80
Event: 1.014 Thread 0x000001c5135aa5b0 Thread added: 0x000001c5135aa5b0
Event: 1.733 Thread 0x000001c513a2ae70 Thread added: 0x000001c513a2ae70
Event: 1.736 Thread 0x000001c513a2bbd0 Thread added: 0x000001c513a2bbd0
Event: 1.780 Thread 0x000001c513a99020 Thread added: 0x000001c513a99020
Event: 1.996 Thread 0x000001c513a3fef0 Thread added: 0x000001c513a3fef0
Event: 1.996 Thread 0x000001c56f32a000 Thread exited: 0x000001c56f32a000
Event: 1.997 Thread 0x000001c56f32a000 Thread added: 0x000001c56f32a000
Event: 3.132 Thread 0x000001c513a41450 Thread added: 0x000001c513a41450


Dynamic libraries:
0x00007ff7f91a0000 - 0x00007ff7f91b0000 	C:\Program Files\Java\jdk-20\bin\java.exe
0x00007ffd48ab0000 - 0x00007ffd48cc7000 	C:\WINDOWS\SYSTEM32\ntdll.dll
0x00007ffd474c0000 - 0x00007ffd47584000 	C:\WINDOWS\System32\KERNEL32.DLL
0x00007ffd45da0000 - 0x00007ffd4615a000 	C:\WINDOWS\System32\KERNELBASE.dll
0x00007ffd46300000 - 0x00007ffd46411000 	C:\WINDOWS\System32\ucrtbase.dll
0x00007ffd3f8c0000 - 0x00007ffd3f8d9000 	C:\Program Files\Java\jdk-20\bin\jli.dll
0x00007ffd48720000 - 0x00007ffd487d2000 	C:\WINDOWS\System32\ADVAPI32.dll
0x00007ffd47890000 - 0x00007ffd47937000 	C:\WINDOWS\System32\msvcrt.dll
0x00007ffd47260000 - 0x00007ffd47307000 	C:\WINDOWS\System32\sechost.dll
0x00007ffd46160000 - 0x00007ffd46188000 	C:\WINDOWS\System32\bcrypt.dll
0x00007ffd47310000 - 0x00007ffd47424000 	C:\WINDOWS\System32\RPCRT4.dll
0x00007ffd488c0000 - 0x00007ffd48a6e000 	C:\WINDOWS\System32\USER32.dll
0x00007ffd45d70000 - 0x00007ffd45d96000 	C:\WINDOWS\System32\win32u.dll
0x00007ffd48850000 - 0x00007ffd48879000 	C:\WINDOWS\System32\GDI32.dll
0x00007ffd464c0000 - 0x00007ffd465db000 	C:\WINDOWS\System32\gdi32full.dll
0x00007ffd46420000 - 0x00007ffd464ba000 	C:\WINDOWS\System32\msvcp_win.dll
0x00007ffd31e10000 - 0x00007ffd31e2b000 	C:\Program Files\Java\jdk-20\bin\VCRUNTIME140.dll
0x00007ffd33080000 - 0x00007ffd33312000 	C:\WINDOWS\WinSxS\amd64_microsoft.windows.common-controls_6595b64144ccf1df_6.0.22621.4541_none_2710d1c57384c085\COMCTL32.dll
0x00007ffd3aac0000 - 0x00007ffd3aaca000 	C:\WINDOWS\SYSTEM32\VERSION.dll
0x00007ffd48880000 - 0x00007ffd488b1000 	C:\WINDOWS\System32\IMM32.DLL
0x00007ffd35400000 - 0x00007ffd3540c000 	C:\Program Files\Java\jdk-20\bin\vcruntime140_1.dll
0x00007ffd06660000 - 0x00007ffd066ee000 	C:\Program Files\Java\jdk-20\bin\msvcp140.dll
0x00007ffcf9080000 - 0x00007ffcf9d18000 	C:\Program Files\Java\jdk-20\bin\server\jvm.dll
0x00007ffd26fd0000 - 0x00007ffd26fd9000 	C:\WINDOWS\SYSTEM32\WSOCK32.dll
0x00007ffd47de0000 - 0x00007ffd47e51000 	C:\WINDOWS\System32\WS2_32.dll
0x00007ffd3cad0000 - 0x00007ffd3cb04000 	C:\WINDOWS\SYSTEM32\WINMM.dll
0x00007ffd44db0000 - 0x00007ffd44dc8000 	C:\WINDOWS\SYSTEM32\kernel.appcore.dll
0x00007ffd41210000 - 0x00007ffd4121a000 	C:\Program Files\Java\jdk-20\bin\jimage.dll
0x00007ffd436d0000 - 0x00007ffd43902000 	C:\WINDOWS\SYSTEM32\DBGHELP.DLL
0x00007ffd46e50000 - 0x00007ffd471e1000 	C:\WINDOWS\System32\combase.dll
0x00007ffd46d70000 - 0x00007ffd46e47000 	C:\WINDOWS\System32\OLEAUT32.dll
0x00007ffd293e0000 - 0x00007ffd29412000 	C:\WINDOWS\SYSTEM32\dbgcore.DLL
0x00007ffd46720000 - 0x00007ffd4679b000 	C:\WINDOWS\System32\bcryptPrimitives.dll
0x00007ffd3d2c0000 - 0x00007ffd3d2fc000 	C:\Program Files\Java\jdk-20\bin\jdwp.dll
0x00007ffd1eb00000 - 0x00007ffd1eb26000 	C:\Program Files\Java\jdk-20\bin\java.dll
0x00007ffd066f0000 - 0x00007ffd067c7000 	C:\Program Files\Java\jdk-20\bin\jsvml.dll
0x00007ffd47e60000 - 0x00007ffd486d9000 	C:\WINDOWS\System32\SHELL32.dll
0x00007ffd43cb0000 - 0x00007ffd445b9000 	C:\WINDOWS\SYSTEM32\windows.storage.dll
0x00007ffd43b70000 - 0x00007ffd43caf000 	C:\WINDOWS\SYSTEM32\wintypes.dll
0x00007ffd46ac0000 - 0x00007ffd46bba000 	C:\WINDOWS\System32\SHCORE.dll
0x00007ffd47200000 - 0x00007ffd4725e000 	C:\WINDOWS\System32\shlwapi.dll
0x00007ffd45ca0000 - 0x00007ffd45ccb000 	C:\WINDOWS\SYSTEM32\profapi.dll
0x00007ffd41890000 - 0x00007ffd4189b000 	C:\Program Files\Java\jdk-20\bin\dt_shmem.dll
0x00007ffd31640000 - 0x00007ffd31653000 	C:\Program Files\Java\jdk-20\bin\net.dll
0x00007ffd3a980000 - 0x00007ffd3aab6000 	C:\WINDOWS\SYSTEM32\WINHTTP.dll
0x00007ffd45230000 - 0x00007ffd45299000 	C:\WINDOWS\system32\mswsock.dll
0x00007ffd1f710000 - 0x00007ffd1f726000 	C:\Program Files\Java\jdk-20\bin\nio.dll
0x00007ffd1bfc0000 - 0x00007ffd1bfd8000 	C:\Program Files\Java\jdk-20\bin\zip.dll
0x00007ffd02d80000 - 0x00007ffd02f11000 	C:\Program Files\Java\jdk-20\bin\awt.dll
0x00007ffd41a20000 - 0x00007ffd41ab7000 	C:\WINDOWS\SYSTEM32\apphelp.dll
0x00007ffd428f0000 - 0x00007ffd429a1000 	C:\WINDOWS\system32\uxtheme.dll
0x00007ffd47690000 - 0x00007ffd477f1000 	C:\WINDOWS\System32\MSCTF.dll
0x00007ffd46bc0000 - 0x00007ffd46d65000 	C:\WINDOWS\System32\ole32.dll
0x00007ffd43210000 - 0x00007ffd4323b000 	C:\WINDOWS\system32\DWMAPI.DLL
0x00007ffd344b0000 - 0x00007ffd345b0000 	C:\WINDOWS\system32\opengl32.dll
0x00007ffd34ad0000 - 0x00007ffd34afd000 	C:\WINDOWS\SYSTEM32\GLU32.dll
0x00007ffd42fc0000 - 0x00007ffd42ff7000 	C:\WINDOWS\SYSTEM32\dxcore.dll
0x00007ffcff860000 - 0x00007ffcff8e6000 	C:\Program Files\Java\jdk-20\bin\freetype.dll
0x00007ffcfe570000 - 0x00007ffcfe643000 	C:\Program Files\Java\jdk-20\bin\fontmanager.dll
0x00007ffd47590000 - 0x00007ffd47640000 	C:\WINDOWS\System32\clbcatq.dll
0x00007ffd41dc0000 - 0x00007ffd41f70000 	C:\WINDOWS\SYSTEM32\WindowsCodecs.dll
0x00007ffd27880000 - 0x00007ffd278de000 	C:\WINDOWS\system32\dataexchange.dll
0x00007ffd3e1f0000 - 0x00007ffd3e494000 	C:\WINDOWS\system32\twinapi.appcore.dll

dbghelp: loaded successfully - version: 4.0.5 - missing functions: none
symbol engine: initialized successfully - sym options: 0x614 - pdb path: .;C:\Program Files\Java\jdk-20\bin;C:\WINDOWS\SYSTEM32;C:\WINDOWS\WinSxS\amd64_microsoft.windows.common-controls_6595b64144ccf1df_6.0.22621.4541_none_2710d1c57384c085;C:\Program Files\Java\jdk-20\bin\server

VM Arguments:
jvm_args: -Dfile.encoding=UTF-8 -agentlib:jdwp=transport=dt_shmem,address=javadebug 
java_command: proyecto.Frm_Tiramisu
java_class_path (initial): C:\Users\USER\Desktop\Proyecto\librerias\JTattoo-1.6.13.jar;C:\Users\USER\Desktop\Proyecto\build\classes
Launcher Type: SUN_STANDARD

[Global flags]
     intx CICompilerCount                          = 2                                         {product} {ergonomic}
     uint ConcGCThreads                            = 1                                         {product} {ergonomic}
     uint G1ConcRefinementThreads                  = 2                                         {product} {ergonomic}
   size_t G1HeapRegionSize                         = 1048576                                   {product} {ergonomic}
    uintx GCDrainStackTargetSize                   = 64                                        {product} {ergonomic}
   size_t InitialHeapSize                          = 65011712                                  {product} {ergonomic}
   size_t MarkStackSize                            = 4194304                                   {product} {ergonomic}
   size_t MaxHeapSize                              = 1025507328                                {product} {ergonomic}
   size_t MaxNewSize                               = 614465536                                 {product} {ergonomic}
   size_t MinHeapDeltaBytes                        = 1048576                                   {product} {ergonomic}
   size_t MinHeapSize                              = 8388608                                   {product} {ergonomic}
    uintx NonNMethodCodeHeapSize                   = 5826188                                {pd product} {ergonomic}
    uintx NonProfiledCodeHeapSize                  = 122916026                              {pd product} {ergonomic}
    uintx ProfiledCodeHeapSize                     = 122916026                              {pd product} {ergonomic}
    uintx ReservedCodeCacheSize                    = 251658240                              {pd product} {ergonomic}
     bool SegmentedCodeCache                       = true                                      {product} {ergonomic}
   size_t SoftMaxHeapSize                          = 1025507328                             {manageable} {ergonomic}
     bool UseCompressedClassPointers               = true                           {product lp64_product} {ergonomic}
     bool UseCompressedOops                        = true                           {product lp64_product} {ergonomic}
     bool UseG1GC                                  = true                                      {product} {ergonomic}
     bool UseLargePagesIndividualAllocation        = false                                  {pd product} {ergonomic}

Logging:
Log output configuration:
 #0: stdout all=warning uptime,level,tags foldmultilines=false
 #1: stderr all=off uptime,level,tags foldmultilines=false

Environment Variables:
PATH=C:\Program Files\Common Files\Oracle\Java\javapath;C:\WINDOWS\system32;C:\WINDOWS;C:\WINDOWS\System32\Wbem;C:\WINDOWS\System32\WindowsPowerShell\v1.0\;C:\WINDOWS\System32\OpenSSH\;C:\TDM-GCC-64\bin;C:\Program Files\Git\cmd;C:\Users\USER\AppData\Local\Microsoft\WindowsApps;C:\Users\USER\AppData\Local\Programs\Microsoft VS Code\bin;C:\Users\USER\AppData\Local\GitHubDesktop\bin
USERNAME=USER
OS=Windows_NT
PROCESSOR_IDENTIFIER=Intel64 Family 6 Model 122 Stepping 1, GenuineIntel
TMP=C:\Users\USER\AppData\Local\Temp
TEMP=C:\Users\USER\AppData\Local\Temp




---------------  S Y S T E M  ---------------

OS:
 Windows 11 , 64 bit Build 22621 (10.0.22621.4391)
OS uptime: 2 days 10:01 hours

CPU: total 2 (initial active 2) (2 cores per cpu, 1 threads per core) family 6 model 122 stepping 1 microcode 0x3e, cx8, cmov, fxsr, mmx, 3dnowpref, sse, sse2, sse3, ssse3, sse4.1, sse4.2, popcnt, tsc, tscinvbit, aes, erms, clmul, sha, clflush, clflushopt, rdtscp, rdpid

Memory: 4k page, system-wide physical 3911M (550M free)
TotalPageFile size 7240M (AvailPageFile size 0M)
current process WorkingSet (physical memory assigned to process): 66M, peak: 66M
current process commit charge ("private bytes"): 145M, peak: 145M

vm_info: Java HotSpot(TM) 64-Bit Server VM (20.0.2+9-78) for windows-amd64 JRE (20.0.2+9-78), built on 2023-06-14T10:08:48Z by "mach5one" with MS VC++ 17.1 (VS2022)

END.
